   1.0000000000000000        6641830.1819095928        1511251.1136424257       -298243.50747758552      -0.21061106026172638        0.0000000000000000        0.0000000000000000     
   31536001.000000000       -209456749974870.72       -47658813608576.422        9405406953569.6289      -0.21061106026172638        0.0000000000000000        0.0000000000000000     
   63072001.000000000        6.6054278577507732E+021   1.5029682983012524E+021  -2.9660890428236484E+020 -0.21061106026172638        0.0000000000000000        0.0000000000000000     
   94608001.000000000       -2.0830876631660050E+029  -4.7397606752260002E+028   9.3538581088397534E+027 -0.21061106026172638        0.0000000000000000        0.0000000000000000     
   126144001.00000000        6.5692250462515478E+036   1.4947308791416648E+036  -2.9498325996651237E+035 -0.21061106026172638        0.0000000000000000        0.0000000000000000     
   157680001.00000000       -2.0716707448936372E+044  -4.7137831509880671E+043   9.3025917913206735E+042 -0.21061106026172638        0.0000000000000000        0.0000000000000000     
   189216001.00000000        6.5332206539295004E+051   1.4865386073577652E+051  -2.9336652542849696E+050 -0.21061106026172638        0.0000000000000000        0.0000000000000000     
   220752001.00000000       -2.0603164000910009E+059  -4.6879480035095871E+058   9.2516064525465540E+057 -0.21061106026172638        0.0000000000000000        0.0000000000000000     
   252288001.00000000        6.4974135932953405E+066   1.4783912355073035E+066  -2.9175865183590169E+065 -0.21061106026172638        0.0000000000000000        0.0000000000000000     
   283824001.00000000       -2.0490242858074827E+074  -4.6622544524567081E+073   9.2009005525383430E+072 -0.21061106026172638        0.0000000000000000        0.0000000000000000     
   315360001.00000000        6.4618027828200483E+081   1.4702885175042027E+081  -2.9015959062394864E+080 -0.21061106026172638        0.0000000000000000        0.0000000000000000     
   346896001.00000000       -2.0377940609721025E+089  -4.6367017217724014E+088   9.1504725597572542E+087 -0.21061106026172638        0.0000000000000000        0.0000000000000000     
   378432001.00000000        6.4263871469022149E+096   1.4622302086111273E+096  -2.8856929349403218E+095 -0.21061106026172638        0.0000000000000000        0.0000000000000000     
   409968001.00000000       -2.0266253863832111E+104  -4.6112890396530300E+103   9.1003209510585034E+102 -0.21061106026172638        0.0000000000000000        0.0000000000000000     
   441504001.00000000        6.3911656158355561E+111   1.4542160654320890E+111  -2.8698771241226003E+110 -0.21061106026172638        0.0000000000000000        0.0000000000000000     
   473040001.00000000       -2.0155179246982456E+119  -4.5860156385250292E+118   9.0504442116453201E+117 -0.21061106026172638        0.0000000000000000        0.0000000000000000     
   504576001.00000000        6.3561371257765958E+126   1.4462458459050963E+126  -2.8541479960800256E+125 -0.21061106026172638        0.0000000000000000        0.0000000000000000     
   536112001.00000000       -2.0044713404235364E+134  -4.5608807550217275E+133   9.0008408350231684E+132 -0.21061106026172638        0.0000000000000000        0.0000000000000000     
   567648001.00000000        6.3213006187125306E+141   1.4383193092948444E+141  -2.8385050757244979E+140 -0.21061106026172638        0.0000000000000000        0.0000000000000000     
   599184001.00000000       -1.9934852999041775E+149  -4.5358836299602899E+148   8.9515093229542680E+147 -0.21061106026172638        0.0000000000000000        0.0000000000000000     
   630720001.00000000        6.2866550424292841E+156   1.4304362161854405E+156  -2.8229478905717650E+155 -0.21061106026172638        0.0000000000000000        0.0000000000000000     
   662256001.00000000       -1.9825594713139486E+164  -4.5110235083187835E+163   8.9024481854123266E+162 -0.21061106026172638        0.0000000000000000        0.0000000000000000     
   693792001.00000000        6.2521993504797194E+171   1.4225963284731764E+171  -2.8074759707271492E+170 -0.21061106026172638        0.0000000000000000        0.0000000000000000     
   725328001.00000000       -1.9716935246452906E+179  -4.4862996392133755E+178   8.8536559405375373E+177 -0.21061106026172638        0.0000000000000000        0.0000000000000000     
   756864001.00000000        6.2179325021520354E+186   1.4147994093593338E+186  -2.7920888488713575E+185 -0.21061106026172638        0.0000000000000000        0.0000000000000000     
   788400001.00000000       -1.9608871316993409E+194  -4.4617112758756542E+193   8.8051311145918284E+192 -0.21061106026172638        0.0000000000000000        0.0000000000000000     
   819936001.00000000        6.1838534624383267E+201   1.4070452233430335E+201  -2.7767860602463678E+200 -0.21061106026172638        0.0000000000000000        0.0000000000000000     
   851472001.00000000       -1.9501399660760155E+209  -4.4372576756300676E+208   8.7568722419143391E+207 -0.21061106026172638        0.0000000000000000        0.0000000000000000     
   883008001.00000000        6.1499612020033248E+216   1.3993335362141213E+216  -2.7615671426413830E+215 -0.21061106026172638        0.0000000000000000        0.0000000000000000     
   914544001.00000000       -1.9394517031641565E+224  -4.4129380998714992E+223   8.7088778648771503E+222 -0.21061106026172638        0.0000000000000000        0.0000000000000000     
   946080001.00000000        6.1162546971533140E+231   1.3916641150460952E+231  -2.7464316363788789E+230 -0.21061106026172638        0.0000000000000000        0.0000000000000000     
   977616001.00000000       -1.9288220201317223E+239  -4.3887518140429536E+238   8.6611465338412687E+237 -0.21061106026172638        0.0000000000000000        0.0000000000000000     
   1009152001.0000000        6.0827329298051969E+246   1.3840367281890676E+246  -2.7313790843007177E+245 -0.21061106026172638        0.0000000000000000        0.0000000000000000     
   1040688001.0000000       -1.9182505959160373E+254  -4.3646980876133703E+253   8.6136768071128341E+252 -0.21061106026172638        0.0000000000000000        0.0000000000000000     
   1072224001.0000000        6.0493948874557551E+261   1.3764511452627716E+261  -2.7164090317543358E+260 -0.21061106026172638        0.0000000000000000        0.0000000000000000     
   1103760001.0000000       -1.9077371112140981E+269  -4.3407761940555611E+268   8.5664672508995696E+267 -0.21061106026172638        0.0000000000000000        0.0000000000000000     
   1135296001.0000000        6.0162395631510670E+276   1.3689071371495995E+276  -2.7015210265790159E+275 -0.21061106026172638        0.0000000000000000        0.0000000000000000     
   1166832001.0000000       -1.8972812484729246E+284  -4.3169854108242633E+283   8.5195164392674824E+282 -0.21061106026172638        0.0000000000000000        0.0000000000000000     
   1198368001.0000000        5.9832659554560902E+291   1.3614044759876859E+291  -2.6867146190922292E+290 -0.21061106026172638        0.0000000000000000        0.0000000000000000     
   1229904001.0000000       -1.8868826918799729E+299  -4.2933250193343179E+298   8.4728229540977920E+297 -0.21061106026172638        0.0000000000000000        0.0000000000000000     
   1261440001.0000000        5.9504730684244126E+306   1.3539429351640204E+306  -2.6719893620760502E+305 -0.21061106026172638        0.0000000000000000        0.0000000000000000     
   1292976001.0000000                      -Infinity                 -Infinity                  Infinity -0.21061106026172638        0.0000000000000000        0.0000000000000000     
   1324512001.0000000                            NaN                       NaN                       NaN -0.21061106026172638        0.0000000000000000        0.0000000000000000     
   1356048001.0000000                            NaN                       NaN                       NaN -0.21061106026172638        0.0000000000000000        0.0000000000000000     
   1387584001.0000000                            NaN                       NaN                       NaN -0.21061106026172638        0.0000000000000000        0.0000000000000000     
   1419120001.0000000                            NaN                       NaN                       NaN -0.21061106026172638        0.0000000000000000        0.0000000000000000     
   1450656001.0000000                            NaN                       NaN                       NaN -0.21061106026172638        0.0000000000000000        0.0000000000000000     
   1482192001.0000000                            NaN                       NaN                       NaN -0.21061106026172638        0.0000000000000000        0.0000000000000000     
   1513728001.0000000                            NaN                       NaN                       NaN -0.21061106026172638        0.0000000000000000        0.0000000000000000     
   1545264001.0000000                            NaN                       NaN                       NaN -0.21061106026172638        0.0000000000000000        0.0000000000000000     
   1576800001.0000000                            NaN                       NaN                       NaN -0.21061106026172638        0.0000000000000000        0.0000000000000000     
   1608336001.0000000                            NaN                       NaN                       NaN -0.21061106026172638        0.0000000000000000        0.0000000000000000     
   1639872001.0000000                            NaN                       NaN                       NaN -0.21061106026172638        0.0000000000000000        0.0000000000000000     
   1671408001.0000000                            NaN                       NaN                       NaN -0.21061106026172638        0.0000000000000000        0.0000000000000000     
   1702944001.0000000                            NaN                       NaN                       NaN -0.21061106026172638        0.0000000000000000        0.0000000000000000     
   1734480001.0000000                            NaN                       NaN                       NaN -0.21061106026172638        0.0000000000000000        0.0000000000000000     
   1766016001.0000000                            NaN                       NaN                       NaN -0.21061106026172638        0.0000000000000000        0.0000000000000000     
   1797552001.0000000                            NaN                       NaN                       NaN -0.21061106026172638        0.0000000000000000        0.0000000000000000     
   1829088001.0000000                            NaN                       NaN                       NaN -0.21061106026172638        0.0000000000000000        0.0000000000000000     
   1860624001.0000000                            NaN                       NaN                       NaN -0.21061106026172638        0.0000000000000000        0.0000000000000000     
   1892160001.0000000                            NaN                       NaN                       NaN -0.21061106026172638        0.0000000000000000        0.0000000000000000     
   1923696001.0000000                            NaN                       NaN                       NaN -0.21061106026172638        0.0000000000000000        0.0000000000000000     
   1955232001.0000000                            NaN                       NaN                       NaN -0.21061106026172638        0.0000000000000000        0.0000000000000000     
   1986768001.0000000                            NaN                       NaN                       NaN -0.21061106026172638        0.0000000000000000        0.0000000000000000     
   2018304001.0000000                            NaN                       NaN                       NaN -0.21061106026172638        0.0000000000000000        0.0000000000000000     
   2049840001.0000000                            NaN                       NaN                       NaN -0.21061106026172638        0.0000000000000000        0.0000000000000000     
   2081376001.0000000                            NaN                       NaN                       NaN -0.21061106026172638        0.0000000000000000        0.0000000000000000     
   2112912001.0000000                            NaN                       NaN                       NaN -0.21061106026172638        0.0000000000000000        0.0000000000000000     
   2144448001.0000000                            NaN                       NaN                       NaN -0.21061106026172638        0.0000000000000000        0.0000000000000000     
   2175984001.0000000                            NaN                       NaN                       NaN -0.21061106026172638        0.0000000000000000        0.0000000000000000     
   2207520001.0000000                            NaN                       NaN                       NaN -0.21061106026172638        0.0000000000000000        0.0000000000000000     
   2239056001.0000000                            NaN                       NaN                       NaN -0.21061106026172638        0.0000000000000000        0.0000000000000000     
   2270592001.0000000                            NaN                       NaN                       NaN -0.21061106026172638        0.0000000000000000        0.0000000000000000     
   2302128001.0000000                            NaN                       NaN                       NaN -0.21061106026172638        0.0000000000000000        0.0000000000000000     
   2333664001.0000000                            NaN                       NaN                       NaN -0.21061106026172638        0.0000000000000000        0.0000000000000000     
   2365200001.0000000                            NaN                       NaN                       NaN -0.21061106026172638        0.0000000000000000        0.0000000000000000     
   2396736001.0000000                            NaN                       NaN                       NaN -0.21061106026172638        0.0000000000000000        0.0000000000000000     
   2428272001.0000000                            NaN                       NaN                       NaN -0.21061106026172638        0.0000000000000000        0.0000000000000000     
   2459808001.0000000                            NaN                       NaN                       NaN -0.21061106026172638        0.0000000000000000        0.0000000000000000     
   2491344001.0000000                            NaN                       NaN                       NaN -0.21061106026172638        0.0000000000000000        0.0000000000000000     
   2522880001.0000000                            NaN                       NaN                       NaN -0.21061106026172638        0.0000000000000000        0.0000000000000000     
   2554416001.0000000                            NaN                       NaN                       NaN -0.21061106026172638        0.0000000000000000        0.0000000000000000     
   2585952001.0000000                            NaN                       NaN                       NaN -0.21061106026172638        0.0000000000000000        0.0000000000000000     
   2617488001.0000000                            NaN                       NaN                       NaN -0.21061106026172638        0.0000000000000000        0.0000000000000000     
   2649024001.0000000                            NaN                       NaN                       NaN -0.21061106026172638        0.0000000000000000        0.0000000000000000     
   2680560001.0000000                            NaN                       NaN                       NaN -0.21061106026172638        0.0000000000000000        0.0000000000000000     
   2712096001.0000000                            NaN                       NaN                       NaN -0.21061106026172638        0.0000000000000000        0.0000000000000000     
   2743632001.0000000                            NaN                       NaN                       NaN -0.21061106026172638        0.0000000000000000        0.0000000000000000     
   2775168001.0000000                            NaN                       NaN                       NaN -0.21061106026172638        0.0000000000000000        0.0000000000000000     
   2806704001.0000000                            NaN                       NaN                       NaN -0.21061106026172638        0.0000000000000000        0.0000000000000000     
   2838240001.0000000                            NaN                       NaN                       NaN -0.21061106026172638        0.0000000000000000        0.0000000000000000     
   2869776001.0000000                            NaN                       NaN                       NaN -0.21061106026172638        0.0000000000000000        0.0000000000000000     
   2901312001.0000000                            NaN                       NaN                       NaN -0.21061106026172638        0.0000000000000000        0.0000000000000000     
   2932848001.0000000                            NaN                       NaN                       NaN -0.21061106026172638        0.0000000000000000        0.0000000000000000     
   2964384001.0000000                            NaN                       NaN                       NaN -0.21061106026172638        0.0000000000000000        0.0000000000000000     
   2995920001.0000000                            NaN                       NaN                       NaN -0.21061106026172638        0.0000000000000000        0.0000000000000000     
   3027456001.0000000                            NaN                       NaN                       NaN -0.21061106026172638        0.0000000000000000        0.0000000000000000     
   3058992001.0000000                            NaN                       NaN                       NaN -0.21061106026172638        0.0000000000000000        0.0000000000000000     
   3090528001.0000000                            NaN                       NaN                       NaN -0.21061106026172638        0.0000000000000000        0.0000000000000000     
   3122064001.0000000                            NaN                       NaN                       NaN -0.21061106026172638        0.0000000000000000        0.0000000000000000     
   3153600001.0000000                            NaN                       NaN                       NaN -0.21061106026172638        0.0000000000000000        0.0000000000000000     
   3185136001.0000000                            NaN                       NaN                       NaN -0.21061106026172638        0.0000000000000000        0.0000000000000000     
   3216672001.0000000                            NaN                       NaN                       NaN -0.21061106026172638        0.0000000000000000        0.0000000000000000     
   3248208001.0000000                            NaN                       NaN                       NaN -0.21061106026172638        0.0000000000000000        0.0000000000000000     
   3279744001.0000000                            NaN                       NaN                       NaN -0.21061106026172638        0.0000000000000000        0.0000000000000000     
   3311280001.0000000                            NaN                       NaN                       NaN -0.21061106026172638        0.0000000000000000        0.0000000000000000     
   3342816001.0000000                            NaN                       NaN                       NaN -0.21061106026172638        0.0000000000000000        0.0000000000000000     
   3374352001.0000000                            NaN                       NaN                       NaN -0.21061106026172638        0.0000000000000000        0.0000000000000000     
   3405888001.0000000                            NaN                       NaN                       NaN -0.21061106026172638        0.0000000000000000        0.0000000000000000     
   3437424001.0000000                            NaN                       NaN                       NaN -0.21061106026172638        0.0000000000000000        0.0000000000000000     
   3468960001.0000000                            NaN                       NaN                       NaN -0.21061106026172638        0.0000000000000000        0.0000000000000000     
   3500496001.0000000                            NaN                       NaN                       NaN -0.21061106026172638        0.0000000000000000        0.0000000000000000     
   3532032001.0000000                            NaN                       NaN                       NaN -0.21061106026172638        0.0000000000000000        0.0000000000000000     
   3563568001.0000000                            NaN                       NaN                       NaN -0.21061106026172638        0.0000000000000000        0.0000000000000000     
   3595104001.0000000                            NaN                       NaN                       NaN -0.21061106026172638        0.0000000000000000        0.0000000000000000     
   3626640001.0000000                            NaN                       NaN                       NaN -0.21061106026172638        0.0000000000000000        0.0000000000000000     
   3658176001.0000000                            NaN                       NaN                       NaN -0.21061106026172638        0.0000000000000000        0.0000000000000000     
   3689712001.0000000                            NaN                       NaN                       NaN -0.21061106026172638        0.0000000000000000        0.0000000000000000     
   3721248001.0000000                            NaN                       NaN                       NaN -0.21061106026172638        0.0000000000000000        0.0000000000000000     
   3752784001.0000000                            NaN                       NaN                       NaN -0.21061106026172638        0.0000000000000000        0.0000000000000000     
   3784320001.0000000                            NaN                       NaN                       NaN -0.21061106026172638        0.0000000000000000        0.0000000000000000     
   3815856001.0000000                            NaN                       NaN                       NaN -0.21061106026172638        0.0000000000000000        0.0000000000000000     
   3847392001.0000000                            NaN                       NaN                       NaN -0.21061106026172638        0.0000000000000000        0.0000000000000000     
   3878928001.0000000                            NaN                       NaN                       NaN -0.21061106026172638        0.0000000000000000        0.0000000000000000     
   3910464001.0000000                            NaN                       NaN                       NaN -0.21061106026172638        0.0000000000000000        0.0000000000000000     
   3942000001.0000000                            NaN                       NaN                       NaN -0.21061106026172638        0.0000000000000000        0.0000000000000000     
   3973536001.0000000                            NaN                       NaN                       NaN -0.21061106026172638        0.0000000000000000        0.0000000000000000     
   4005072001.0000000                            NaN                       NaN                       NaN -0.21061106026172638        0.0000000000000000        0.0000000000000000     
   4036608001.0000000                            NaN                       NaN                       NaN -0.21061106026172638        0.0000000000000000        0.0000000000000000     
   4068144001.0000000                            NaN                       NaN                       NaN -0.21061106026172638        0.0000000000000000        0.0000000000000000     
   4099680001.0000000                            NaN                       NaN                       NaN -0.21061106026172638        0.0000000000000000        0.0000000000000000     
   4131216001.0000000                            NaN                       NaN                       NaN -0.21061106026172638        0.0000000000000000        0.0000000000000000     
   4162752001.0000000                            NaN                       NaN                       NaN -0.21061106026172638        0.0000000000000000        0.0000000000000000     
   4194288001.0000000                            NaN                       NaN                       NaN -0.21061106026172638        0.0000000000000000        0.0000000000000000     
   4225824001.0000000                            NaN                       NaN                       NaN -0.21061106026172638        0.0000000000000000        0.0000000000000000     
   4257360001.0000000                            NaN                       NaN                       NaN -0.21061106026172638        0.0000000000000000        0.0000000000000000     
   4288896001.0000000                            NaN                       NaN                       NaN -0.21061106026172638        0.0000000000000000        0.0000000000000000     
   4320432001.0000000                            NaN                       NaN                       NaN -0.21061106026172638        0.0000000000000000        0.0000000000000000     
   4351968001.0000000                            NaN                       NaN                       NaN -0.21061106026172638        0.0000000000000000        0.0000000000000000     
   4383504001.0000000                            NaN                       NaN                       NaN -0.21061106026172638        0.0000000000000000        0.0000000000000000     
   4415040001.0000000                            NaN                       NaN                       NaN -0.21061106026172638        0.0000000000000000        0.0000000000000000     
   4446576001.0000000                            NaN                       NaN                       NaN -0.21061106026172638        0.0000000000000000        0.0000000000000000     
   4478112001.0000000                            NaN                       NaN                       NaN -0.21061106026172638        0.0000000000000000        0.0000000000000000     
   4509648001.0000000                            NaN                       NaN                       NaN -0.21061106026172638        0.0000000000000000        0.0000000000000000     
   4541184001.0000000                            NaN                       NaN                       NaN -0.21061106026172638        0.0000000000000000        0.0000000000000000     
   4572720001.0000000                            NaN                       NaN                       NaN -0.21061106026172638        0.0000000000000000        0.0000000000000000     
   4604256001.0000000                            NaN                       NaN                       NaN -0.21061106026172638        0.0000000000000000        0.0000000000000000     
   4635792001.0000000                            NaN                       NaN                       NaN -0.21061106026172638        0.0000000000000000        0.0000000000000000     
   4667328001.0000000                            NaN                       NaN                       NaN -0.21061106026172638        0.0000000000000000        0.0000000000000000     
   4698864001.0000000                            NaN                       NaN                       NaN -0.21061106026172638        0.0000000000000000        0.0000000000000000     
   4730400001.0000000                            NaN                       NaN                       NaN -0.21061106026172638        0.0000000000000000        0.0000000000000000     
   4761936001.0000000                            NaN                       NaN                       NaN -0.21061106026172638        0.0000000000000000        0.0000000000000000     
   4793472001.0000000                            NaN                       NaN                       NaN -0.21061106026172638        0.0000000000000000        0.0000000000000000     
   4825008001.0000000                            NaN                       NaN                       NaN -0.21061106026172638        0.0000000000000000        0.0000000000000000     
   4856544001.0000000                            NaN                       NaN                       NaN -0.21061106026172638        0.0000000000000000        0.0000000000000000     
   4888080001.0000000                            NaN                       NaN                       NaN -0.21061106026172638        0.0000000000000000        0.0000000000000000     
   4919616001.0000000                            NaN                       NaN                       NaN -0.21061106026172638        0.0000000000000000        0.0000000000000000     
   4951152001.0000000                            NaN                       NaN                       NaN -0.21061106026172638        0.0000000000000000        0.0000000000000000     
   4982688001.0000000                            NaN                       NaN                       NaN -0.21061106026172638        0.0000000000000000        0.0000000000000000     
   5014224001.0000000                            NaN                       NaN                       NaN -0.21061106026172638        0.0000000000000000        0.0000000000000000     
   5045760001.0000000                            NaN                       NaN                       NaN -0.21061106026172638        0.0000000000000000        0.0000000000000000     
   5077296001.0000000                            NaN                       NaN                       NaN -0.21061106026172638        0.0000000000000000        0.0000000000000000     
   5108832001.0000000                            NaN                       NaN                       NaN -0.21061106026172638        0.0000000000000000        0.0000000000000000     
   5140368001.0000000                            NaN                       NaN                       NaN -0.21061106026172638        0.0000000000000000        0.0000000000000000     
   5171904001.0000000                            NaN                       NaN                       NaN -0.21061106026172638        0.0000000000000000        0.0000000000000000     
   5203440001.0000000                            NaN                       NaN                       NaN -0.21061106026172638        0.0000000000000000        0.0000000000000000     
   5234976001.0000000                            NaN                       NaN                       NaN -0.21061106026172638        0.0000000000000000        0.0000000000000000     
   5266512001.0000000                            NaN                       NaN                       NaN -0.21061106026172638        0.0000000000000000        0.0000000000000000     
   5298048001.0000000                            NaN                       NaN                       NaN -0.21061106026172638        0.0000000000000000        0.0000000000000000     
   5329584001.0000000                            NaN                       NaN                       NaN -0.21061106026172638        0.0000000000000000        0.0000000000000000     
   5361120001.0000000                            NaN                       NaN                       NaN -0.21061106026172638        0.0000000000000000        0.0000000000000000     
   5392656001.0000000                            NaN                       NaN                       NaN -0.21061106026172638        0.0000000000000000        0.0000000000000000     
   5424192001.0000000                            NaN                       NaN                       NaN -0.21061106026172638        0.0000000000000000        0.0000000000000000     
   5455728001.0000000                            NaN                       NaN                       NaN -0.21061106026172638        0.0000000000000000        0.0000000000000000     
   5487264001.0000000                            NaN                       NaN                       NaN -0.21061106026172638        0.0000000000000000        0.0000000000000000     
   5518800001.0000000                            NaN                       NaN                       NaN -0.21061106026172638        0.0000000000000000        0.0000000000000000     
   5550336001.0000000                            NaN                       NaN                       NaN -0.21061106026172638        0.0000000000000000        0.0000000000000000     
   5581872001.0000000                            NaN                       NaN                       NaN -0.21061106026172638        0.0000000000000000        0.0000000000000000     
   5613408001.0000000                            NaN                       NaN                       NaN -0.21061106026172638        0.0000000000000000        0.0000000000000000     
   5644944001.0000000                            NaN                       NaN                       NaN -0.21061106026172638        0.0000000000000000        0.0000000000000000     
   5676480001.0000000                            NaN                       NaN                       NaN -0.21061106026172638        0.0000000000000000        0.0000000000000000     
   5708016001.0000000                            NaN                       NaN                       NaN -0.21061106026172638        0.0000000000000000        0.0000000000000000     
   5739552001.0000000                            NaN                       NaN                       NaN -0.21061106026172638        0.0000000000000000        0.0000000000000000     
   5771088001.0000000                            NaN                       NaN                       NaN -0.21061106026172638        0.0000000000000000        0.0000000000000000     
   5802624001.0000000                            NaN                       NaN                       NaN -0.21061106026172638        0.0000000000000000        0.0000000000000000     
   5834160001.0000000                            NaN                       NaN                       NaN -0.21061106026172638        0.0000000000000000        0.0000000000000000     
   5865696001.0000000                            NaN                       NaN                       NaN -0.21061106026172638        0.0000000000000000        0.0000000000000000     
   5897232001.0000000                            NaN                       NaN                       NaN -0.21061106026172638        0.0000000000000000        0.0000000000000000     
   5928768001.0000000                            NaN                       NaN                       NaN -0.21061106026172638        0.0000000000000000        0.0000000000000000     
   5960304001.0000000                            NaN                       NaN                       NaN -0.21061106026172638        0.0000000000000000        0.0000000000000000     
   5991840001.0000000                            NaN                       NaN                       NaN -0.21061106026172638        0.0000000000000000        0.0000000000000000     
   6023376001.0000000                            NaN                       NaN                       NaN -0.21061106026172638        0.0000000000000000        0.0000000000000000     
   6054912001.0000000                            NaN                       NaN                       NaN -0.21061106026172638        0.0000000000000000        0.0000000000000000     
   6086448001.0000000                            NaN                       NaN                       NaN -0.21061106026172638        0.0000000000000000        0.0000000000000000     
   6117984001.0000000                            NaN                       NaN                       NaN -0.21061106026172638        0.0000000000000000        0.0000000000000000     
   6149520001.0000000                            NaN                       NaN                       NaN -0.21061106026172638        0.0000000000000000        0.0000000000000000     
   6181056001.0000000                            NaN                       NaN                       NaN -0.21061106026172638        0.0000000000000000        0.0000000000000000     
   6212592001.0000000                            NaN                       NaN                       NaN -0.21061106026172638        0.0000000000000000        0.0000000000000000     
   6244128001.0000000                            NaN                       NaN                       NaN -0.21061106026172638        0.0000000000000000        0.0000000000000000     
   6275664001.0000000                            NaN                       NaN                       NaN -0.21061106026172638        0.0000000000000000        0.0000000000000000     
   6307200001.0000000                            NaN                       NaN                       NaN -0.21061106026172638        0.0000000000000000        0.0000000000000000     
   6338736001.0000000                            NaN                       NaN                       NaN -0.21061106026172638        0.0000000000000000        0.0000000000000000     
   6370272001.0000000                            NaN                       NaN                       NaN -0.21061106026172638        0.0000000000000000        0.0000000000000000     
   6401808001.0000000                            NaN                       NaN                       NaN -0.21061106026172638        0.0000000000000000        0.0000000000000000     
   6433344001.0000000                            NaN                       NaN                       NaN -0.21061106026172638        0.0000000000000000        0.0000000000000000     
   6464880001.0000000                            NaN                       NaN                       NaN -0.21061106026172638        0.0000000000000000        0.0000000000000000     
   6496416001.0000000                            NaN                       NaN                       NaN -0.21061106026172638        0.0000000000000000        0.0000000000000000     
   6527952001.0000000                            NaN                       NaN                       NaN -0.21061106026172638        0.0000000000000000        0.0000000000000000     
   6559488001.0000000                            NaN                       NaN                       NaN -0.21061106026172638        0.0000000000000000        0.0000000000000000     
   6591024001.0000000                            NaN                       NaN                       NaN -0.21061106026172638        0.0000000000000000        0.0000000000000000     
   6622560001.0000000                            NaN                       NaN                       NaN -0.21061106026172638        0.0000000000000000        0.0000000000000000     
   6654096001.0000000                            NaN                       NaN                       NaN -0.21061106026172638        0.0000000000000000        0.0000000000000000     
   6685632001.0000000                            NaN                       NaN                       NaN -0.21061106026172638        0.0000000000000000        0.0000000000000000     
   6717168001.0000000                            NaN                       NaN                       NaN -0.21061106026172638        0.0000000000000000        0.0000000000000000     
   6748704001.0000000                            NaN                       NaN                       NaN -0.21061106026172638        0.0000000000000000        0.0000000000000000     
   6780240001.0000000                            NaN                       NaN                       NaN -0.21061106026172638        0.0000000000000000        0.0000000000000000     
   6811776001.0000000                            NaN                       NaN                       NaN -0.21061106026172638        0.0000000000000000        0.0000000000000000     
   6843312001.0000000                            NaN                       NaN                       NaN -0.21061106026172638        0.0000000000000000        0.0000000000000000     
   6874848001.0000000                            NaN                       NaN                       NaN -0.21061106026172638        0.0000000000000000        0.0000000000000000     
   6906384001.0000000                            NaN                       NaN                       NaN -0.21061106026172638        0.0000000000000000        0.0000000000000000     
   6937920001.0000000                            NaN                       NaN                       NaN -0.21061106026172638        0.0000000000000000        0.0000000000000000     
   6969456001.0000000                            NaN                       NaN                       NaN -0.21061106026172638        0.0000000000000000        0.0000000000000000     
   7000992001.0000000                            NaN                       NaN                       NaN -0.21061106026172638        0.0000000000000000        0.0000000000000000     
   7032528001.0000000                            NaN                       NaN                       NaN -0.21061106026172638        0.0000000000000000        0.0000000000000000     
   7064064001.0000000                            NaN                       NaN                       NaN -0.21061106026172638        0.0000000000000000        0.0000000000000000     
   7095600001.0000000                            NaN                       NaN                       NaN -0.21061106026172638        0.0000000000000000        0.0000000000000000     
   7127136001.0000000                            NaN                       NaN                       NaN -0.21061106026172638        0.0000000000000000        0.0000000000000000     
   7158672001.0000000                            NaN                       NaN                       NaN -0.21061106026172638        0.0000000000000000        0.0000000000000000     
   7190208001.0000000                            NaN                       NaN                       NaN -0.21061106026172638        0.0000000000000000        0.0000000000000000     
   7221744001.0000000                            NaN                       NaN                       NaN -0.21061106026172638        0.0000000000000000        0.0000000000000000     
   7253280001.0000000                            NaN                       NaN                       NaN -0.21061106026172638        0.0000000000000000        0.0000000000000000     
   7284816001.0000000                            NaN                       NaN                       NaN -0.21061106026172638        0.0000000000000000        0.0000000000000000     
   7316352001.0000000                            NaN                       NaN                       NaN -0.21061106026172638        0.0000000000000000        0.0000000000000000     
   7347888001.0000000                            NaN                       NaN                       NaN -0.21061106026172638        0.0000000000000000        0.0000000000000000     
   7379424001.0000000                            NaN                       NaN                       NaN -0.21061106026172638        0.0000000000000000        0.0000000000000000     
   7410960001.0000000                            NaN                       NaN                       NaN -0.21061106026172638        0.0000000000000000        0.0000000000000000     
   7442496001.0000000                            NaN                       NaN                       NaN -0.21061106026172638        0.0000000000000000        0.0000000000000000     
   7474032001.0000000                            NaN                       NaN                       NaN -0.21061106026172638        0.0000000000000000        0.0000000000000000     
   7505568001.0000000                            NaN                       NaN                       NaN -0.21061106026172638        0.0000000000000000        0.0000000000000000     
   7537104001.0000000                            NaN                       NaN                       NaN -0.21061106026172638        0.0000000000000000        0.0000000000000000     
   7568640001.0000000                            NaN                       NaN                       NaN -0.21061106026172638        0.0000000000000000        0.0000000000000000     
   7600176001.0000000                            NaN                       NaN                       NaN -0.21061106026172638        0.0000000000000000        0.0000000000000000     
   7631712001.0000000                            NaN                       NaN                       NaN -0.21061106026172638        0.0000000000000000        0.0000000000000000     
   7663248001.0000000                            NaN                       NaN                       NaN -0.21061106026172638        0.0000000000000000        0.0000000000000000     
   7694784001.0000000                            NaN                       NaN                       NaN -0.21061106026172638        0.0000000000000000        0.0000000000000000     
   7726320001.0000000                            NaN                       NaN                       NaN -0.21061106026172638        0.0000000000000000        0.0000000000000000     
   7757856001.0000000                            NaN                       NaN                       NaN -0.21061106026172638        0.0000000000000000        0.0000000000000000     
   7789392001.0000000                            NaN                       NaN                       NaN -0.21061106026172638        0.0000000000000000        0.0000000000000000     
   7820928001.0000000                            NaN                       NaN                       NaN -0.21061106026172638        0.0000000000000000        0.0000000000000000     
   7852464001.0000000                            NaN                       NaN                       NaN -0.21061106026172638        0.0000000000000000        0.0000000000000000     
   7884000001.0000000                            NaN                       NaN                       NaN -0.21061106026172638        0.0000000000000000        0.0000000000000000     
   7915536001.0000000                            NaN                       NaN                       NaN -0.21061106026172638        0.0000000000000000        0.0000000000000000     
   7947072001.0000000                            NaN                       NaN                       NaN -0.21061106026172638        0.0000000000000000        0.0000000000000000     
   7978608001.0000000                            NaN                       NaN                       NaN -0.21061106026172638        0.0000000000000000        0.0000000000000000     
   8010144001.0000000                            NaN                       NaN                       NaN -0.21061106026172638        0.0000000000000000        0.0000000000000000     
   8041680001.0000000                            NaN                       NaN                       NaN -0.21061106026172638        0.0000000000000000        0.0000000000000000     
   8073216001.0000000                            NaN                       NaN                       NaN -0.21061106026172638        0.0000000000000000        0.0000000000000000     
   8104752001.0000000                            NaN                       NaN                       NaN -0.21061106026172638        0.0000000000000000        0.0000000000000000     
   8136288001.0000000                            NaN                       NaN                       NaN -0.21061106026172638        0.0000000000000000        0.0000000000000000     
   8167824001.0000000                            NaN                       NaN                       NaN -0.21061106026172638        0.0000000000000000        0.0000000000000000     
   8199360001.0000000                            NaN                       NaN                       NaN -0.21061106026172638        0.0000000000000000        0.0000000000000000     
   8230896001.0000000                            NaN                       NaN                       NaN -0.21061106026172638        0.0000000000000000        0.0000000000000000     
   8262432001.0000000                            NaN                       NaN                       NaN -0.21061106026172638        0.0000000000000000        0.0000000000000000     
   8293968001.0000000                            NaN                       NaN                       NaN -0.21061106026172638        0.0000000000000000        0.0000000000000000     
   8325504001.0000000                            NaN                       NaN                       NaN -0.21061106026172638        0.0000000000000000        0.0000000000000000     
   8357040001.0000000                            NaN                       NaN                       NaN -0.21061106026172638        0.0000000000000000        0.0000000000000000     
   8388576001.0000000                            NaN                       NaN                       NaN -0.21061106026172638        0.0000000000000000        0.0000000000000000     
   8420112001.0000000                            NaN                       NaN                       NaN -0.21061106026172638        0.0000000000000000        0.0000000000000000     
   8451648001.0000000                            NaN                       NaN                       NaN -0.21061106026172638        0.0000000000000000        0.0000000000000000     
   8483184001.0000000                            NaN                       NaN                       NaN -0.21061106026172638        0.0000000000000000        0.0000000000000000     
   8514720001.0000000                            NaN                       NaN                       NaN -0.21061106026172638        0.0000000000000000        0.0000000000000000     
   8546256001.0000000                            NaN                       NaN                       NaN -0.21061106026172638        0.0000000000000000        0.0000000000000000     
   8577792001.0000000                            NaN                       NaN                       NaN -0.21061106026172638        0.0000000000000000        0.0000000000000000     
   8609328001.0000000                            NaN                       NaN                       NaN -0.21061106026172638        0.0000000000000000        0.0000000000000000     
   8640864001.0000000                            NaN                       NaN                       NaN -0.21061106026172638        0.0000000000000000        0.0000000000000000     
   8672400001.0000000                            NaN                       NaN                       NaN -0.21061106026172638        0.0000000000000000        0.0000000000000000     
   8703936001.0000000                            NaN                       NaN                       NaN -0.21061106026172638        0.0000000000000000        0.0000000000000000     
   8735472001.0000000                            NaN                       NaN                       NaN -0.21061106026172638        0.0000000000000000        0.0000000000000000     
   8767008001.0000000                            NaN                       NaN                       NaN -0.21061106026172638        0.0000000000000000        0.0000000000000000     
   8798544001.0000000                            NaN                       NaN                       NaN -0.21061106026172638        0.0000000000000000        0.0000000000000000     
   8830080001.0000000                            NaN                       NaN                       NaN -0.21061106026172638        0.0000000000000000        0.0000000000000000     
   8861616001.0000000                            NaN                       NaN                       NaN -0.21061106026172638        0.0000000000000000        0.0000000000000000     
   8893152001.0000000                            NaN                       NaN                       NaN -0.21061106026172638        0.0000000000000000        0.0000000000000000     
   8924688001.0000000                            NaN                       NaN                       NaN -0.21061106026172638        0.0000000000000000        0.0000000000000000     
   8956224001.0000000                            NaN                       NaN                       NaN -0.21061106026172638        0.0000000000000000        0.0000000000000000     
   8987760001.0000000                            NaN                       NaN                       NaN -0.21061106026172638        0.0000000000000000        0.0000000000000000     
   9019296001.0000000                            NaN                       NaN                       NaN -0.21061106026172638        0.0000000000000000        0.0000000000000000     
   9050832001.0000000                            NaN                       NaN                       NaN -0.21061106026172638        0.0000000000000000        0.0000000000000000     
   9082368001.0000000                            NaN                       NaN                       NaN -0.21061106026172638        0.0000000000000000        0.0000000000000000     
   9113904001.0000000                            NaN                       NaN                       NaN -0.21061106026172638        0.0000000000000000        0.0000000000000000     
   9145440001.0000000                            NaN                       NaN                       NaN -0.21061106026172638        0.0000000000000000        0.0000000000000000     
   9176976001.0000000                            NaN                       NaN                       NaN -0.21061106026172638        0.0000000000000000        0.0000000000000000     
   9208512001.0000000                            NaN                       NaN                       NaN -0.21061106026172638        0.0000000000000000        0.0000000000000000     
   9240048001.0000000                            NaN                       NaN                       NaN -0.21061106026172638        0.0000000000000000        0.0000000000000000     
   9271584001.0000000                            NaN                       NaN                       NaN -0.21061106026172638        0.0000000000000000        0.0000000000000000     
   9303120001.0000000                            NaN                       NaN                       NaN -0.21061106026172638        0.0000000000000000        0.0000000000000000     
   9334656001.0000000                            NaN                       NaN                       NaN -0.21061106026172638        0.0000000000000000        0.0000000000000000     
   9366192001.0000000                            NaN                       NaN                       NaN -0.21061106026172638        0.0000000000000000        0.0000000000000000     
   9397728001.0000000                            NaN                       NaN                       NaN -0.21061106026172638        0.0000000000000000        0.0000000000000000     
   9429264001.0000000                            NaN                       NaN                       NaN -0.21061106026172638        0.0000000000000000        0.0000000000000000     
   9460800001.0000000                            NaN                       NaN                       NaN -0.21061106026172638        0.0000000000000000        0.0000000000000000     
   9492336001.0000000                            NaN                       NaN                       NaN -0.21061106026172638        0.0000000000000000        0.0000000000000000     
   9523872001.0000000                            NaN                       NaN                       NaN -0.21061106026172638        0.0000000000000000        0.0000000000000000     
   9555408001.0000000                            NaN                       NaN                       NaN -0.21061106026172638        0.0000000000000000        0.0000000000000000     
   9586944001.0000000                            NaN                       NaN                       NaN -0.21061106026172638        0.0000000000000000        0.0000000000000000     
   9618480001.0000000                            NaN                       NaN                       NaN -0.21061106026172638        0.0000000000000000        0.0000000000000000     
   9650016001.0000000                            NaN                       NaN                       NaN -0.21061106026172638        0.0000000000000000        0.0000000000000000     
   9681552001.0000000                            NaN                       NaN                       NaN -0.21061106026172638        0.0000000000000000        0.0000000000000000     
   9713088001.0000000                            NaN                       NaN                       NaN -0.21061106026172638        0.0000000000000000        0.0000000000000000     
   9744624001.0000000                            NaN                       NaN                       NaN -0.21061106026172638        0.0000000000000000        0.0000000000000000     
   9776160001.0000000                            NaN                       NaN                       NaN -0.21061106026172638        0.0000000000000000        0.0000000000000000     
   9807696001.0000000                            NaN                       NaN                       NaN -0.21061106026172638        0.0000000000000000        0.0000000000000000     
   9839232001.0000000                            NaN                       NaN                       NaN -0.21061106026172638        0.0000000000000000        0.0000000000000000     
   9870768001.0000000                            NaN                       NaN                       NaN -0.21061106026172638        0.0000000000000000        0.0000000000000000     
   9902304001.0000000                            NaN                       NaN                       NaN -0.21061106026172638        0.0000000000000000        0.0000000000000000     
   9933840001.0000000                            NaN                       NaN                       NaN -0.21061106026172638        0.0000000000000000        0.0000000000000000     
   9965376001.0000000                            NaN                       NaN                       NaN -0.21061106026172638        0.0000000000000000        0.0000000000000000     
   9996912001.0000000                            NaN                       NaN                       NaN -0.21061106026172638        0.0000000000000000        0.0000000000000000     
   10028448001.000000                            NaN                       NaN                       NaN -0.21061106026172638        0.0000000000000000        0.0000000000000000     
   10059984001.000000                            NaN                       NaN                       NaN -0.21061106026172638        0.0000000000000000        0.0000000000000000     
   10091520001.000000                            NaN                       NaN                       NaN -0.21061106026172638        0.0000000000000000        0.0000000000000000     
   10123056001.000000                            NaN                       NaN                       NaN -0.21061106026172638        0.0000000000000000        0.0000000000000000     
   10154592001.000000                            NaN                       NaN                       NaN -0.21061106026172638        0.0000000000000000        0.0000000000000000     
   10186128001.000000                            NaN                       NaN                       NaN -0.21061106026172638        0.0000000000000000        0.0000000000000000     
   10217664001.000000                            NaN                       NaN                       NaN -0.21061106026172638        0.0000000000000000        0.0000000000000000     
   10249200001.000000                            NaN                       NaN                       NaN -0.21061106026172638        0.0000000000000000        0.0000000000000000     
   10280736001.000000                            NaN                       NaN                       NaN -0.21061106026172638        0.0000000000000000        0.0000000000000000     
   10312272001.000000                            NaN                       NaN                       NaN -0.21061106026172638        0.0000000000000000        0.0000000000000000     
   10343808001.000000                            NaN                       NaN                       NaN -0.21061106026172638        0.0000000000000000        0.0000000000000000     
   10375344001.000000                            NaN                       NaN                       NaN -0.21061106026172638        0.0000000000000000        0.0000000000000000     
   10406880001.000000                            NaN                       NaN                       NaN -0.21061106026172638        0.0000000000000000        0.0000000000000000     
   10438416001.000000                            NaN                       NaN                       NaN -0.21061106026172638        0.0000000000000000        0.0000000000000000     
   10469952001.000000                            NaN                       NaN                       NaN -0.21061106026172638        0.0000000000000000        0.0000000000000000     
   10501488001.000000                            NaN                       NaN                       NaN -0.21061106026172638        0.0000000000000000        0.0000000000000000     
   10533024001.000000                            NaN                       NaN                       NaN -0.21061106026172638        0.0000000000000000        0.0000000000000000     
   10564560001.000000                            NaN                       NaN                       NaN -0.21061106026172638        0.0000000000000000        0.0000000000000000     
   10596096001.000000                            NaN                       NaN                       NaN -0.21061106026172638        0.0000000000000000        0.0000000000000000     
   10627632001.000000                            NaN                       NaN                       NaN -0.21061106026172638        0.0000000000000000        0.0000000000000000     
   10659168001.000000                            NaN                       NaN                       NaN -0.21061106026172638        0.0000000000000000        0.0000000000000000     
   10690704001.000000                            NaN                       NaN                       NaN -0.21061106026172638        0.0000000000000000        0.0000000000000000     
   10722240001.000000                            NaN                       NaN                       NaN -0.21061106026172638        0.0000000000000000        0.0000000000000000     
   10753776001.000000                            NaN                       NaN                       NaN -0.21061106026172638        0.0000000000000000        0.0000000000000000     
   10785312001.000000                            NaN                       NaN                       NaN -0.21061106026172638        0.0000000000000000        0.0000000000000000     
   10816848001.000000                            NaN                       NaN                       NaN -0.21061106026172638        0.0000000000000000        0.0000000000000000     
   10848384001.000000                            NaN                       NaN                       NaN -0.21061106026172638        0.0000000000000000        0.0000000000000000     
   10879920001.000000                            NaN                       NaN                       NaN -0.21061106026172638        0.0000000000000000        0.0000000000000000     
   10911456001.000000                            NaN                       NaN                       NaN -0.21061106026172638        0.0000000000000000        0.0000000000000000     
   10942992001.000000                            NaN                       NaN                       NaN -0.21061106026172638        0.0000000000000000        0.0000000000000000     
   10974528001.000000                            NaN                       NaN                       NaN -0.21061106026172638        0.0000000000000000        0.0000000000000000     
   11006064001.000000                            NaN                       NaN                       NaN -0.21061106026172638        0.0000000000000000        0.0000000000000000     
   11037600001.000000                            NaN                       NaN                       NaN -0.21061106026172638        0.0000000000000000        0.0000000000000000     
   11069136001.000000                            NaN                       NaN                       NaN -0.21061106026172638        0.0000000000000000        0.0000000000000000     
   11100672001.000000                            NaN                       NaN                       NaN -0.21061106026172638        0.0000000000000000        0.0000000000000000     
   11132208001.000000                            NaN                       NaN                       NaN -0.21061106026172638        0.0000000000000000        0.0000000000000000     
   11163744001.000000                            NaN                       NaN                       NaN -0.21061106026172638        0.0000000000000000        0.0000000000000000     
   11195280001.000000                            NaN                       NaN                       NaN -0.21061106026172638        0.0000000000000000        0.0000000000000000     
   11226816001.000000                            NaN                       NaN                       NaN -0.21061106026172638        0.0000000000000000        0.0000000000000000     
   11258352001.000000                            NaN                       NaN                       NaN -0.21061106026172638        0.0000000000000000        0.0000000000000000     
   11289888001.000000                            NaN                       NaN                       NaN -0.21061106026172638        0.0000000000000000        0.0000000000000000     
   11321424001.000000                            NaN                       NaN                       NaN -0.21061106026172638        0.0000000000000000        0.0000000000000000     
   11352960001.000000                            NaN                       NaN                       NaN -0.21061106026172638        0.0000000000000000        0.0000000000000000     
   11384496001.000000                            NaN                       NaN                       NaN -0.21061106026172638        0.0000000000000000        0.0000000000000000     
   11416032001.000000                            NaN                       NaN                       NaN -0.21061106026172638        0.0000000000000000        0.0000000000000000     
   11447568001.000000                            NaN                       NaN                       NaN -0.21061106026172638        0.0000000000000000        0.0000000000000000     
   11479104001.000000                            NaN                       NaN                       NaN -0.21061106026172638        0.0000000000000000        0.0000000000000000     
   11510640001.000000                            NaN                       NaN                       NaN -0.21061106026172638        0.0000000000000000        0.0000000000000000     
   11542176001.000000                            NaN                       NaN                       NaN -0.21061106026172638        0.0000000000000000        0.0000000000000000     
   11573712001.000000                            NaN                       NaN                       NaN -0.21061106026172638        0.0000000000000000        0.0000000000000000     
   11605248001.000000                            NaN                       NaN                       NaN -0.21061106026172638        0.0000000000000000        0.0000000000000000     
   11636784001.000000                            NaN                       NaN                       NaN -0.21061106026172638        0.0000000000000000        0.0000000000000000     
   11668320001.000000                            NaN                       NaN                       NaN -0.21061106026172638        0.0000000000000000        0.0000000000000000     
   11699856001.000000                            NaN                       NaN                       NaN -0.21061106026172638        0.0000000000000000        0.0000000000000000     
   11731392001.000000                            NaN                       NaN                       NaN -0.21061106026172638        0.0000000000000000        0.0000000000000000     
   11762928001.000000                            NaN                       NaN                       NaN -0.21061106026172638        0.0000000000000000        0.0000000000000000     
   11794464001.000000                            NaN                       NaN                       NaN -0.21061106026172638        0.0000000000000000        0.0000000000000000     
   11826000001.000000                            NaN                       NaN                       NaN -0.21061106026172638        0.0000000000000000        0.0000000000000000     
   11857536001.000000                            NaN                       NaN                       NaN -0.21061106026172638        0.0000000000000000        0.0000000000000000     
   11889072001.000000                            NaN                       NaN                       NaN -0.21061106026172638        0.0000000000000000        0.0000000000000000     
   11920608001.000000                            NaN                       NaN                       NaN -0.21061106026172638        0.0000000000000000        0.0000000000000000     
   11952144001.000000                            NaN                       NaN                       NaN -0.21061106026172638        0.0000000000000000        0.0000000000000000     
   11983680001.000000                            NaN                       NaN                       NaN -0.21061106026172638        0.0000000000000000        0.0000000000000000     
   12015216001.000000                            NaN                       NaN                       NaN -0.21061106026172638        0.0000000000000000        0.0000000000000000     
   12046752001.000000                            NaN                       NaN                       NaN -0.21061106026172638        0.0000000000000000        0.0000000000000000     
   12078288001.000000                            NaN                       NaN                       NaN -0.21061106026172638        0.0000000000000000        0.0000000000000000     
   12109824001.000000                            NaN                       NaN                       NaN -0.21061106026172638        0.0000000000000000        0.0000000000000000     
   12141360001.000000                            NaN                       NaN                       NaN -0.21061106026172638        0.0000000000000000        0.0000000000000000     
   12172896001.000000                            NaN                       NaN                       NaN -0.21061106026172638        0.0000000000000000        0.0000000000000000     
   12204432001.000000                            NaN                       NaN                       NaN -0.21061106026172638        0.0000000000000000        0.0000000000000000     
   12235968001.000000                            NaN                       NaN                       NaN -0.21061106026172638        0.0000000000000000        0.0000000000000000     
   12267504001.000000                            NaN                       NaN                       NaN -0.21061106026172638        0.0000000000000000        0.0000000000000000     
   12299040001.000000                            NaN                       NaN                       NaN -0.21061106026172638        0.0000000000000000        0.0000000000000000     
   12330576001.000000                            NaN                       NaN                       NaN -0.21061106026172638        0.0000000000000000        0.0000000000000000     
   12362112001.000000                            NaN                       NaN                       NaN -0.21061106026172638        0.0000000000000000        0.0000000000000000     
   12393648001.000000                            NaN                       NaN                       NaN -0.21061106026172638        0.0000000000000000        0.0000000000000000     
   12425184001.000000                            NaN                       NaN                       NaN -0.21061106026172638        0.0000000000000000        0.0000000000000000     
   12456720001.000000                            NaN                       NaN                       NaN -0.21061106026172638        0.0000000000000000        0.0000000000000000     
   12488256001.000000                            NaN                       NaN                       NaN -0.21061106026172638        0.0000000000000000        0.0000000000000000     
   12519792001.000000                            NaN                       NaN                       NaN -0.21061106026172638        0.0000000000000000        0.0000000000000000     
   12551328001.000000                            NaN                       NaN                       NaN -0.21061106026172638        0.0000000000000000        0.0000000000000000     
   12582864001.000000                            NaN                       NaN                       NaN -0.21061106026172638        0.0000000000000000        0.0000000000000000     
   12614400001.000000                            NaN                       NaN                       NaN -0.21061106026172638        0.0000000000000000        0.0000000000000000     
   12645936001.000000                            NaN                       NaN                       NaN -0.21061106026172638        0.0000000000000000        0.0000000000000000     
   12677472001.000000                            NaN                       NaN                       NaN -0.21061106026172638        0.0000000000000000        0.0000000000000000     
   12709008001.000000                            NaN                       NaN                       NaN -0.21061106026172638        0.0000000000000000        0.0000000000000000     
   12740544001.000000                            NaN                       NaN                       NaN -0.21061106026172638        0.0000000000000000        0.0000000000000000     
   12772080001.000000                            NaN                       NaN                       NaN -0.21061106026172638        0.0000000000000000        0.0000000000000000     
   12803616001.000000                            NaN                       NaN                       NaN -0.21061106026172638        0.0000000000000000        0.0000000000000000     
   12835152001.000000                            NaN                       NaN                       NaN -0.21061106026172638        0.0000000000000000        0.0000000000000000     
   12866688001.000000                            NaN                       NaN                       NaN -0.21061106026172638        0.0000000000000000        0.0000000000000000     
   12898224001.000000                            NaN                       NaN                       NaN -0.21061106026172638        0.0000000000000000        0.0000000000000000     
   12929760001.000000                            NaN                       NaN                       NaN -0.21061106026172638        0.0000000000000000        0.0000000000000000     
   12961296001.000000                            NaN                       NaN                       NaN -0.21061106026172638        0.0000000000000000        0.0000000000000000     
   12992832001.000000                            NaN                       NaN                       NaN -0.21061106026172638        0.0000000000000000        0.0000000000000000     
   13024368001.000000                            NaN                       NaN                       NaN -0.21061106026172638        0.0000000000000000        0.0000000000000000     
   13055904001.000000                            NaN                       NaN                       NaN -0.21061106026172638        0.0000000000000000        0.0000000000000000     
   13087440001.000000                            NaN                       NaN                       NaN -0.21061106026172638        0.0000000000000000        0.0000000000000000     
   13118976001.000000                            NaN                       NaN                       NaN -0.21061106026172638        0.0000000000000000        0.0000000000000000     
   13150512001.000000                            NaN                       NaN                       NaN -0.21061106026172638        0.0000000000000000        0.0000000000000000     
   13182048001.000000                            NaN                       NaN                       NaN -0.21061106026172638        0.0000000000000000        0.0000000000000000     
   13213584001.000000                            NaN                       NaN                       NaN -0.21061106026172638        0.0000000000000000        0.0000000000000000     
   13245120001.000000                            NaN                       NaN                       NaN -0.21061106026172638        0.0000000000000000        0.0000000000000000     
   13276656001.000000                            NaN                       NaN                       NaN -0.21061106026172638        0.0000000000000000        0.0000000000000000     
   13308192001.000000                            NaN                       NaN                       NaN -0.21061106026172638        0.0000000000000000        0.0000000000000000     
   13339728001.000000                            NaN                       NaN                       NaN -0.21061106026172638        0.0000000000000000        0.0000000000000000     
   13371264001.000000                            NaN                       NaN                       NaN -0.21061106026172638        0.0000000000000000        0.0000000000000000     
   13402800001.000000                            NaN                       NaN                       NaN -0.21061106026172638        0.0000000000000000        0.0000000000000000     
   13434336001.000000                            NaN                       NaN                       NaN -0.21061106026172638        0.0000000000000000        0.0000000000000000     
   13465872001.000000                            NaN                       NaN                       NaN -0.21061106026172638        0.0000000000000000        0.0000000000000000     
   13497408001.000000                            NaN                       NaN                       NaN -0.21061106026172638        0.0000000000000000        0.0000000000000000     
   13528944001.000000                            NaN                       NaN                       NaN -0.21061106026172638        0.0000000000000000        0.0000000000000000     
   13560480001.000000                            NaN                       NaN                       NaN -0.21061106026172638        0.0000000000000000        0.0000000000000000     
   13592016001.000000                            NaN                       NaN                       NaN -0.21061106026172638        0.0000000000000000        0.0000000000000000     
   13623552001.000000                            NaN                       NaN                       NaN -0.21061106026172638        0.0000000000000000        0.0000000000000000     
   13655088001.000000                            NaN                       NaN                       NaN -0.21061106026172638        0.0000000000000000        0.0000000000000000     
   13686624001.000000                            NaN                       NaN                       NaN -0.21061106026172638        0.0000000000000000        0.0000000000000000     
   13718160001.000000                            NaN                       NaN                       NaN -0.21061106026172638        0.0000000000000000        0.0000000000000000     
   13749696001.000000                            NaN                       NaN                       NaN -0.21061106026172638        0.0000000000000000        0.0000000000000000     
   13781232001.000000                            NaN                       NaN                       NaN -0.21061106026172638        0.0000000000000000        0.0000000000000000     
   13812768001.000000                            NaN                       NaN                       NaN -0.21061106026172638        0.0000000000000000        0.0000000000000000     
   13844304001.000000                            NaN                       NaN                       NaN -0.21061106026172638        0.0000000000000000        0.0000000000000000     
   13875840001.000000                            NaN                       NaN                       NaN -0.21061106026172638        0.0000000000000000        0.0000000000000000     
   13907376001.000000                            NaN                       NaN                       NaN -0.21061106026172638        0.0000000000000000        0.0000000000000000     
   13938912001.000000                            NaN                       NaN                       NaN -0.21061106026172638        0.0000000000000000        0.0000000000000000     
   13970448001.000000                            NaN                       NaN                       NaN -0.21061106026172638        0.0000000000000000        0.0000000000000000     
   14001984001.000000                            NaN                       NaN                       NaN -0.21061106026172638        0.0000000000000000        0.0000000000000000     
   14033520001.000000                            NaN                       NaN                       NaN -0.21061106026172638        0.0000000000000000        0.0000000000000000     
   14065056001.000000                            NaN                       NaN                       NaN -0.21061106026172638        0.0000000000000000        0.0000000000000000     
   14096592001.000000                            NaN                       NaN                       NaN -0.21061106026172638        0.0000000000000000        0.0000000000000000     
   14128128001.000000                            NaN                       NaN                       NaN -0.21061106026172638        0.0000000000000000        0.0000000000000000     
   14159664001.000000                            NaN                       NaN                       NaN -0.21061106026172638        0.0000000000000000        0.0000000000000000     
   14191200001.000000                            NaN                       NaN                       NaN -0.21061106026172638        0.0000000000000000        0.0000000000000000     
   14222736001.000000                            NaN                       NaN                       NaN -0.21061106026172638        0.0000000000000000        0.0000000000000000     
   14254272001.000000                            NaN                       NaN                       NaN -0.21061106026172638        0.0000000000000000        0.0000000000000000     
   14285808001.000000                            NaN                       NaN                       NaN -0.21061106026172638        0.0000000000000000        0.0000000000000000     
   14317344001.000000                            NaN                       NaN                       NaN -0.21061106026172638        0.0000000000000000        0.0000000000000000     
   14348880001.000000                            NaN                       NaN                       NaN -0.21061106026172638        0.0000000000000000        0.0000000000000000     
   14380416001.000000                            NaN                       NaN                       NaN -0.21061106026172638        0.0000000000000000        0.0000000000000000     
   14411952001.000000                            NaN                       NaN                       NaN -0.21061106026172638        0.0000000000000000        0.0000000000000000     
   14443488001.000000                            NaN                       NaN                       NaN -0.21061106026172638        0.0000000000000000        0.0000000000000000     
   14475024001.000000                            NaN                       NaN                       NaN -0.21061106026172638        0.0000000000000000        0.0000000000000000     
   14506560001.000000                            NaN                       NaN                       NaN -0.21061106026172638        0.0000000000000000        0.0000000000000000     
   14538096001.000000                            NaN                       NaN                       NaN -0.21061106026172638        0.0000000000000000        0.0000000000000000     
   14569632001.000000                            NaN                       NaN                       NaN -0.21061106026172638        0.0000000000000000        0.0000000000000000     
   14601168001.000000                            NaN                       NaN                       NaN -0.21061106026172638        0.0000000000000000        0.0000000000000000     
   14632704001.000000                            NaN                       NaN                       NaN -0.21061106026172638        0.0000000000000000        0.0000000000000000     
   14664240001.000000                            NaN                       NaN                       NaN -0.21061106026172638        0.0000000000000000        0.0000000000000000     
   14695776001.000000                            NaN                       NaN                       NaN -0.21061106026172638        0.0000000000000000        0.0000000000000000     
   14727312001.000000                            NaN                       NaN                       NaN -0.21061106026172638        0.0000000000000000        0.0000000000000000     
   14758848001.000000                            NaN                       NaN                       NaN -0.21061106026172638        0.0000000000000000        0.0000000000000000     
   14790384001.000000                            NaN                       NaN                       NaN -0.21061106026172638        0.0000000000000000        0.0000000000000000     
   14821920001.000000                            NaN                       NaN                       NaN -0.21061106026172638        0.0000000000000000        0.0000000000000000     
   14853456001.000000                            NaN                       NaN                       NaN -0.21061106026172638        0.0000000000000000        0.0000000000000000     
   14884992001.000000                            NaN                       NaN                       NaN -0.21061106026172638        0.0000000000000000        0.0000000000000000     
   14916528001.000000                            NaN                       NaN                       NaN -0.21061106026172638        0.0000000000000000        0.0000000000000000     
   14948064001.000000                            NaN                       NaN                       NaN -0.21061106026172638        0.0000000000000000        0.0000000000000000     
   14979600001.000000                            NaN                       NaN                       NaN -0.21061106026172638        0.0000000000000000        0.0000000000000000     
   15011136001.000000                            NaN                       NaN                       NaN -0.21061106026172638        0.0000000000000000        0.0000000000000000     
   15042672001.000000                            NaN                       NaN                       NaN -0.21061106026172638        0.0000000000000000        0.0000000000000000     
   15074208001.000000                            NaN                       NaN                       NaN -0.21061106026172638        0.0000000000000000        0.0000000000000000     
   15105744001.000000                            NaN                       NaN                       NaN -0.21061106026172638        0.0000000000000000        0.0000000000000000     
   15137280001.000000                            NaN                       NaN                       NaN -0.21061106026172638        0.0000000000000000        0.0000000000000000     
   15168816001.000000                            NaN                       NaN                       NaN -0.21061106026172638        0.0000000000000000        0.0000000000000000     
   15200352001.000000                            NaN                       NaN                       NaN -0.21061106026172638        0.0000000000000000        0.0000000000000000     
   15231888001.000000                            NaN                       NaN                       NaN -0.21061106026172638        0.0000000000000000        0.0000000000000000     
   15263424001.000000                            NaN                       NaN                       NaN -0.21061106026172638        0.0000000000000000        0.0000000000000000     
   15294960001.000000                            NaN                       NaN                       NaN -0.21061106026172638        0.0000000000000000        0.0000000000000000     
   15326496001.000000                            NaN                       NaN                       NaN -0.21061106026172638        0.0000000000000000        0.0000000000000000     
   15358032001.000000                            NaN                       NaN                       NaN -0.21061106026172638        0.0000000000000000        0.0000000000000000     
   15389568001.000000                            NaN                       NaN                       NaN -0.21061106026172638        0.0000000000000000        0.0000000000000000     
   15421104001.000000                            NaN                       NaN                       NaN -0.21061106026172638        0.0000000000000000        0.0000000000000000     
   15452640001.000000                            NaN                       NaN                       NaN -0.21061106026172638        0.0000000000000000        0.0000000000000000     
   15484176001.000000                            NaN                       NaN                       NaN -0.21061106026172638        0.0000000000000000        0.0000000000000000     
   15515712001.000000                            NaN                       NaN                       NaN -0.21061106026172638        0.0000000000000000        0.0000000000000000     
   15547248001.000000                            NaN                       NaN                       NaN -0.21061106026172638        0.0000000000000000        0.0000000000000000     
   15578784001.000000                            NaN                       NaN                       NaN -0.21061106026172638        0.0000000000000000        0.0000000000000000     
   15610320001.000000                            NaN                       NaN                       NaN -0.21061106026172638        0.0000000000000000        0.0000000000000000     
   15641856001.000000                            NaN                       NaN                       NaN -0.21061106026172638        0.0000000000000000        0.0000000000000000     
   15673392001.000000                            NaN                       NaN                       NaN -0.21061106026172638        0.0000000000000000        0.0000000000000000     
   15704928001.000000                            NaN                       NaN                       NaN -0.21061106026172638        0.0000000000000000        0.0000000000000000     
   15736464001.000000                            NaN                       NaN                       NaN -0.21061106026172638        0.0000000000000000        0.0000000000000000     
   15768000001.000000                            NaN                       NaN                       NaN -0.21061106026172638        0.0000000000000000        0.0000000000000000     
   15799536001.000000                            NaN                       NaN                       NaN -0.21061106026172638        0.0000000000000000        0.0000000000000000     
   15831072001.000000                            NaN                       NaN                       NaN -0.21061106026172638        0.0000000000000000        0.0000000000000000     
   15862608001.000000                            NaN                       NaN                       NaN -0.21061106026172638        0.0000000000000000        0.0000000000000000     
   15894144001.000000                            NaN                       NaN                       NaN -0.21061106026172638        0.0000000000000000        0.0000000000000000     
   15925680001.000000                            NaN                       NaN                       NaN -0.21061106026172638        0.0000000000000000        0.0000000000000000     
   15957216001.000000                            NaN                       NaN                       NaN -0.21061106026172638        0.0000000000000000        0.0000000000000000     
